<?xml version="1.0" encoding="UTF-8"?>
<!-- Generated by org.testng.reporters.JUnitXMLReporter -->
<testsuite ignored="6" hostname="EL-Dorado" failures="0" tests="4" name="Test" time="1.501" errors="0" timestamp="2023-02-16T12:13:44 IST">
  <testcase classname="com.educational.mine.genericLib.BaseClass" name="@BeforeSuite configureBS" time="0.311">
    <failure type="com.mysql.cj.jdbc.exceptions.CommunicationsException" message="Communications link failure

The last packet sent successfully to the server was 0 milliseconds ago. The driver has not received any packets from the server.">
      <![CDATA[com.mysql.cj.jdbc.exceptions.CommunicationsException: Communications link failure

The last packet sent successfully to the server was 0 milliseconds ago. The driver has not received any packets from the server.
at com.mysql.cj.jdbc.exceptions.SQLError.createCommunicationsException(SQLError.java:174)
at com.mysql.cj.jdbc.exceptions.SQLExceptionsMapping.translateException(SQLExceptionsMapping.java:64)
at com.mysql.cj.jdbc.ConnectionImpl.createNewIO(ConnectionImpl.java:829)
at com.mysql.cj.jdbc.ConnectionImpl.<init>(ConnectionImpl.java:449)
at com.mysql.cj.jdbc.ConnectionImpl.getInstance(ConnectionImpl.java:242)
at com.mysql.cj.jdbc.NonRegisteringDriver.connect(NonRegisteringDriver.java:198)
at java.sql/java.sql.DriverManager.getConnection(DriverManager.java:683)
at java.sql/java.sql.DriverManager.getConnection(DriverManager.java:230)
at com.educational.mine.genericLib.FileUtilities.getDataDb(FileUtilities.java:88)
at com.educational.mine.genericLib.BaseClass.configureBS(BaseClass.java:38)
Caused by: com.mysql.cj.exceptions.CJCommunicationsException: Communications link failure

The last packet sent successfully to the server was 0 milliseconds ago. The driver has not received any packets from the server.
at com.mysql.cj.exceptions.ExceptionFactory.createException(ExceptionFactory.java:61)
at com.mysql.cj.exceptions.ExceptionFactory.createException(ExceptionFactory.java:105)
at com.mysql.cj.exceptions.ExceptionFactory.createException(ExceptionFactory.java:151)
at com.mysql.cj.exceptions.ExceptionFactory.createCommunicationsException(ExceptionFactory.java:167)
at com.mysql.cj.protocol.a.NativeSocketConnection.connect(NativeSocketConnection.java:89)
at com.mysql.cj.NativeSession.connect(NativeSession.java:120)
at com.mysql.cj.jdbc.ConnectionImpl.connectOneTryOnly(ConnectionImpl.java:949)
at com.mysql.cj.jdbc.ConnectionImpl.createNewIO(ConnectionImpl.java:819)
... 24 more
Caused by: java.net.ConnectException: Connection refused: connect
at java.base/sun.nio.ch.Net.connect0(Native Method)
at java.base/sun.nio.ch.Net.connect(Net.java:579)
at java.base/sun.nio.ch.Net.connect(Net.java:568)
at java.base/sun.nio.ch.NioSocketImpl.connect(NioSocketImpl.java:585)
at java.base/java.net.SocksSocketImpl.connect(SocksSocketImpl.java:327)
at java.base/java.net.Socket.connect(Socket.java:633)
at com.mysql.cj.protocol.StandardSocketFactory.connect(StandardSocketFactory.java:156)
at com.mysql.cj.protocol.a.NativeSocketConnection.connect(NativeSocketConnection.java:63)
... 27 more
... Removed 20 stack frames]]>
    </failure>
  </testcase> <!-- @BeforeSuite configureBS -->
  <testcase classname="com.educational.mine.genericLib.BaseClass" name="@BeforeMethod openApp" time="-1.676529824078E9">
    <skipped/>
  </testcase> <!-- @BeforeMethod openApp -->
  <testcase classname="com.educational.mine.genericLib.BaseClass" name="@AfterMethod closeapp" time="-1.676529824106E9">
    <skipped/>
  </testcase> <!-- @AfterMethod closeapp -->
  <testcase classname="com.educational.mine.genericLib.BaseClass" name="@BeforeMethod openApp" time="-1.676529824113E9">
    <skipped/>
  </testcase> <!-- @BeforeMethod openApp -->
  <testcase classname="com.educational.mine.genericLib.BaseClass" name="@AfterMethod closeapp" time="-1.676529824134E9">
    <skipped/>
  </testcase> <!-- @AfterMethod closeapp -->
  <testcase classname="com.educational.mine.genericLib.BaseClass" name="@BeforeMethod openApp" time="-1.676529824144E9">
    <skipped/>
  </testcase> <!-- @BeforeMethod openApp -->
  <testcase classname="com.educational.mine.genericLib.BaseClass" name="@AfterMethod closeapp" time="-1.676529824163E9">
    <skipped/>
  </testcase> <!-- @AfterMethod closeapp -->
  <testcase classname="com.educational.Scripts.Testcase2" name="testcase2" time="0.0">
    <skipped/>
  </testcase> <!-- testcase2 -->
  <testcase classname="com.educational.Scripts.Testcase3" name="testcase3" time="0.0">
    <skipped/>
  </testcase> <!-- testcase3 -->
  <testcase classname="com.educational.Scripts.Testcase4" name="testcase4" time="0.0">
    <skipped/>
  </testcase> <!-- testcase4 -->
  <testcase classname="com.educational.Scripts.Testcase1" name="testcase1" time="0.0">
    <skipped/>
  </testcase> <!-- testcase1 -->
  <testcase classname="com.educational.mine.genericLib.BaseClass" name="@BeforeSuite configureBS" time="0.0">
    <ignored/>
  </testcase> <!-- @BeforeSuite configureBS -->
  <testcase classname="com.educational.mine.genericLib.BaseClass" name="@BeforeSuite configureBS" time="0.0">
    <ignored/>
  </testcase> <!-- @BeforeSuite configureBS -->
  <testcase classname="com.educational.mine.genericLib.BaseClass" name="@BeforeSuite configureBS" time="0.0">
    <ignored/>
  </testcase> <!-- @BeforeSuite configureBS -->
  <testcase classname="com.educational.mine.genericLib.BaseClass" name="@AfterSuite congigAS" time="0.0">
    <ignored/>
  </testcase> <!-- @AfterSuite congigAS -->
  <testcase classname="com.educational.mine.genericLib.BaseClass" name="@AfterSuite congigAS" time="0.0">
    <ignored/>
  </testcase> <!-- @AfterSuite congigAS -->
  <testcase classname="com.educational.mine.genericLib.BaseClass" name="@AfterSuite congigAS" time="0.0">
    <ignored/>
  </testcase> <!-- @AfterSuite congigAS -->
</testsuite> <!-- Test -->
